
> e-comm-next-13@0.1.0 build /home/alan/code/e-comm-next-13
> next build

warn  - You have enabled experimental feature (appDir) in next.config.js.
warn  - Experimental features are not covered by semver, and may cause unexpected or broken application behavior. Use at your own risk.
info  - Thank you for testing `appDir` please leave your feedback at https://nextjs.link/app-feedback

info  - Creating an optimized production build...
info  - Compiled successfully
info  - Linting and checking validity of types...
info  - Collecting page data...
info  - Generating static pages (0/3)
info  - Generating static pages (3/3)
info  - Finalizing page optimization...

Route (app)                                Size     First Load JS
─ ○ /                                      0 B                0 B
+ First Load JS shared by all              66.2 kB
  ├ chunks/38-159e2899abcc43de.js          64 kB
  ├ chunks/main-app-b7455a2c70322005.js    198 B
  └ chunks/webpack-23070056b77d21bc.js     2.01 kB

Route (pages)                              Size     First Load JS
┌ ○ /404                                   179 B          80.9 kB
└ λ /api/hello                             0 B            80.8 kB
+ First Load JS shared by all              80.8 kB
  ├ chunks/main-80f38e717ea69917.js        78.6 kB
  ├ chunks/pages/_app-42688750c91cff24.js  190 B
  └ chunks/webpack-23070056b77d21bc.js     2.01 kB

λ  (Server)  server-side renders at runtime (uses getInitialProps or getServerSideProps)
○  (Static)  automatically rendered as static HTML (uses no initial props)

